<?xml version="1.0" encoding="UTF-8"?><testsuite failures="7" name="cucumber.runtime.formatter.JUnitFormatter" skipped="0" tests="7" time="36.161372">
<testcase classname="Invalid login function of www.heatclinic.com" name="Testing the login functionality for invalid users" time="6.359754">
<failure message="java.lang.NullPointerException&#13;&#10;&#9;at com.heatclinic.pages.HomePage.delay(HomePage.java:69)&#13;&#10;&#9;at com.heatclinic.pages.HomePage.goToHomepage(HomePage.java:40)&#13;&#10;&#9;at com.heatclinic.steps.Invalidlogin.invalid_user_goes_to_website(Invalidlogin.java:26)&#13;&#10;&#9;at ✽.Invalid User goes to &quot;https://demo.broadleafcommerce.org/&quot; website(I:/eclipse-workspace/heatclinic.bdd/src/main/resources/TestResource/Features/InvalidLogin.feature:8)&#13;&#10;"><![CDATA[Given Invalid User opens browser............................................passed
When Invalid User goes to "https://demo.broadleafcommerce.org/" website.....failed
Then Invalid User hovers to sign_in_link....................................skipped
Then Invalid User clicks sign_in_link.......................................skipped
Then Invalid User enters "moltenboy.robin@gmail.com" as username............skipped
Then Invalid User enters "123456789" as password............................skipped
Then Invalid User clicks on submit button...................................skipped
Then Invalid User gets failed login message.................................skipped
Then Invalid User closes browser............................................skipped

StackTrace:
java.lang.NullPointerException
	at com.heatclinic.pages.HomePage.delay(HomePage.java:69)
	at com.heatclinic.pages.HomePage.goToHomepage(HomePage.java:40)
	at com.heatclinic.steps.Invalidlogin.invalid_user_goes_to_website(Invalidlogin.java:26)
	at ✽.Invalid User goes to "https://demo.broadleafcommerce.org/" website(I:/eclipse-workspace/heatclinic.bdd/src/main/resources/TestResource/Features/InvalidLogin.feature:8)
]]></failure>
</testcase>
<testcase classname="Invalid login function of www.heatclinic.com" name="Testing the login functionality for invalid users 2" time="4.894579">
<failure message="java.lang.NullPointerException&#13;&#10;&#9;at com.heatclinic.pages.HomePage.delay(HomePage.java:69)&#13;&#10;&#9;at com.heatclinic.pages.HomePage.goToHomepage(HomePage.java:40)&#13;&#10;&#9;at com.heatclinic.steps.Invalidlogin.invalid_user_goes_to_website(Invalidlogin.java:26)&#13;&#10;&#9;at ✽.Invalid User goes to &quot;https://demo.broadleafcommerce.org/&quot; website(I:/eclipse-workspace/heatclinic.bdd/src/main/resources/TestResource/Features/InvalidLogin.feature:8)&#13;&#10;"><![CDATA[Given Invalid User opens browser............................................passed
When Invalid User goes to "https://demo.broadleafcommerce.org/" website.....failed
Then Invalid User hovers to sign_in_link....................................skipped
Then Invalid User clicks sign_in_link.......................................skipped
Then Invalid User enters "moltenboy@gmail.com" as username..................skipped
Then Invalid User enters "A1234567@" as password............................skipped
Then Invalid User clicks on submit button...................................skipped
Then Invalid User gets failed login message.................................skipped
Then Invalid User closes browser............................................skipped

StackTrace:
java.lang.NullPointerException
	at com.heatclinic.pages.HomePage.delay(HomePage.java:69)
	at com.heatclinic.pages.HomePage.goToHomepage(HomePage.java:40)
	at com.heatclinic.steps.Invalidlogin.invalid_user_goes_to_website(Invalidlogin.java:26)
	at ✽.Invalid User goes to "https://demo.broadleafcommerce.org/" website(I:/eclipse-workspace/heatclinic.bdd/src/main/resources/TestResource/Features/InvalidLogin.feature:8)
]]></failure>
</testcase>
<testcase classname="Invalid login function of www.heatclinic.com" name="Testing the login functionality for invalid users 3" time="4.884059">
<failure message="java.lang.NullPointerException&#13;&#10;&#9;at com.heatclinic.pages.HomePage.delay(HomePage.java:69)&#13;&#10;&#9;at com.heatclinic.pages.HomePage.goToHomepage(HomePage.java:40)&#13;&#10;&#9;at com.heatclinic.steps.Invalidlogin.invalid_user_goes_to_website(Invalidlogin.java:26)&#13;&#10;&#9;at ✽.Invalid User goes to &quot;https://demo.broadleafcommerce.org/&quot; website(I:/eclipse-workspace/heatclinic.bdd/src/main/resources/TestResource/Features/InvalidLogin.feature:8)&#13;&#10;"><![CDATA[Given Invalid User opens browser............................................passed
When Invalid User goes to "https://demo.broadleafcommerce.org/" website.....failed
Then Invalid User hovers to sign_in_link....................................skipped
Then Invalid User clicks sign_in_link.......................................skipped
Then Invalid User enters "moltenboy@gmail.com" as username..................skipped
Then Invalid User enters "" as password.....................................skipped
Then Invalid User clicks on submit button...................................skipped
Then Invalid User gets failed login message.................................skipped
Then Invalid User closes browser............................................skipped

StackTrace:
java.lang.NullPointerException
	at com.heatclinic.pages.HomePage.delay(HomePage.java:69)
	at com.heatclinic.pages.HomePage.goToHomepage(HomePage.java:40)
	at com.heatclinic.steps.Invalidlogin.invalid_user_goes_to_website(Invalidlogin.java:26)
	at ✽.Invalid User goes to "https://demo.broadleafcommerce.org/" website(I:/eclipse-workspace/heatclinic.bdd/src/main/resources/TestResource/Features/InvalidLogin.feature:8)
]]></failure>
</testcase>
<testcase classname="Invalid login function of www.heatclinic.com" name="Testing the login functionality for invalid users 4" time="5.025618">
<failure message="java.lang.NullPointerException&#13;&#10;&#9;at com.heatclinic.pages.HomePage.delay(HomePage.java:69)&#13;&#10;&#9;at com.heatclinic.pages.HomePage.goToHomepage(HomePage.java:40)&#13;&#10;&#9;at com.heatclinic.steps.Invalidlogin.invalid_user_goes_to_website(Invalidlogin.java:26)&#13;&#10;&#9;at ✽.Invalid User goes to &quot;https://demo.broadleafcommerce.org/&quot; website(I:/eclipse-workspace/heatclinic.bdd/src/main/resources/TestResource/Features/InvalidLogin.feature:8)&#13;&#10;"><![CDATA[Given Invalid User opens browser............................................passed
When Invalid User goes to "https://demo.broadleafcommerce.org/" website.....failed
Then Invalid User hovers to sign_in_link....................................skipped
Then Invalid User clicks sign_in_link.......................................skipped
Then Invalid User enters "" as username.....................................skipped
Then Invalid User enters "A1234567@" as password............................skipped
Then Invalid User clicks on submit button...................................skipped
Then Invalid User gets failed login message.................................skipped
Then Invalid User closes browser............................................skipped

StackTrace:
java.lang.NullPointerException
	at com.heatclinic.pages.HomePage.delay(HomePage.java:69)
	at com.heatclinic.pages.HomePage.goToHomepage(HomePage.java:40)
	at com.heatclinic.steps.Invalidlogin.invalid_user_goes_to_website(Invalidlogin.java:26)
	at ✽.Invalid User goes to "https://demo.broadleafcommerce.org/" website(I:/eclipse-workspace/heatclinic.bdd/src/main/resources/TestResource/Features/InvalidLogin.feature:8)
]]></failure>
</testcase>
<testcase classname="Search function of www.heatclinic.com" name="Testing the search functionality for valid users" time="4.881725">
<failure message="java.lang.NullPointerException&#13;&#10;&#9;at com.heatclinic.pages.HomePage.delay(HomePage.java:69)&#13;&#10;&#9;at com.heatclinic.pages.HomePage.goToHomepage(HomePage.java:40)&#13;&#10;&#9;at com.heatclinic.steps.SearchWebsite.valid_User_goes_to_website(SearchWebsite.java:30)&#13;&#10;&#9;at ✽.Valid User goes to &quot;https://demo.broadleafcommerce.org/&quot; website(I:/eclipse-workspace/heatclinic.bdd/src/main/resources/TestResource/Features/SearchTest.feature:8)&#13;&#10;"><![CDATA[Given Valid User opens browser..............................................passed
When Valid User goes to "https://demo.broadleafcommerce.org/" website.......failed
Then Valid User hovers to sign_in_link......................................skipped
Then Valid User clicks sign_in_link.........................................skipped
Then Valid User enters usercredentials in login text fields.................skipped
Then Valid User clicks on submit button.....................................skipped
Then Valid User is taken to member page.....................................skipped
Then Valid User enters text in search field.................................skipped
Then Valid User chooses the selection from search box field.................skipped
Then Valid User filters the selection by choosing price range...............skipped
Then Valid User clicks on third selection from search result................skipped
Then Valid User logouts.....................................................skipped
Then Valid User closes browser..............................................skipped

StackTrace:
java.lang.NullPointerException
	at com.heatclinic.pages.HomePage.delay(HomePage.java:69)
	at com.heatclinic.pages.HomePage.goToHomepage(HomePage.java:40)
	at com.heatclinic.steps.SearchWebsite.valid_User_goes_to_website(SearchWebsite.java:30)
	at ✽.Valid User goes to "https://demo.broadleafcommerce.org/" website(I:/eclipse-workspace/heatclinic.bdd/src/main/resources/TestResource/Features/SearchTest.feature:8)
]]></failure>
</testcase>
<testcase classname="Login function test of www.heatclinic.com" name="User enters valids username and password to enter authorized login homepage" time="5.106747">
<failure message="java.lang.NullPointerException&#13;&#10;&#9;at com.heatclinic.pages.HomePage.delay(HomePage.java:69)&#13;&#10;&#9;at com.heatclinic.pages.HomePage.goToHomepage(HomePage.java:40)&#13;&#10;&#9;at com.heatclinic.steps.Validlogin.user_goes_to_website(Validlogin.java:28)&#13;&#10;&#9;at ✽.User goes to &quot;https://demo.broadleafcommerce.org/&quot; website(I:/eclipse-workspace/heatclinic.bdd/src/main/resources/TestResource/Features/ValidLogin.feature:10)&#13;&#10;"><![CDATA[Given User opens browser....................................................passed
When User goes to "https://demo.broadleafcommerce.org/" website.............failed
Then User hovers to sign_in_link............................................skipped
Then User clicks sign_in_link...............................................skipped
Then User enters "moltenboy.robin@gmail.com" as username....................skipped
Then User enters "A1234567@" as password....................................skipped
Then User clicks on submit button...........................................skipped
Then User is taken to member page...........................................skipped
Then User logsout...........................................................skipped
Then User closes browser....................................................skipped

StackTrace:
java.lang.NullPointerException
	at com.heatclinic.pages.HomePage.delay(HomePage.java:69)
	at com.heatclinic.pages.HomePage.goToHomepage(HomePage.java:40)
	at com.heatclinic.steps.Validlogin.user_goes_to_website(Validlogin.java:28)
	at ✽.User goes to "https://demo.broadleafcommerce.org/" website(I:/eclipse-workspace/heatclinic.bdd/src/main/resources/TestResource/Features/ValidLogin.feature:10)
]]></failure>
</testcase>
<testcase classname="Checkout page function of www.heatclinic.com" name="Testing the checkout page functionality for valid users" time="5.00889">
<failure message="java.lang.NullPointerException&#13;&#10;&#9;at com.heatclinic.pages.HomePage.delay(HomePage.java:69)&#13;&#10;&#9;at com.heatclinic.pages.HomePage.goToHomepage(HomePage.java:40)&#13;&#10;&#9;at com.heatclinic.steps.ValidCheckout.existing_Valid_User_goes_to_website(ValidCheckout.java:35)&#13;&#10;&#9;at ✽.Existing Valid User goes to &quot;https://demo.broadleafcommerce.org/&quot; website(I:/eclipse-workspace/heatclinic.bdd/src/main/resources/TestResource/Features/ValidUserCheckout.feature:8)&#13;&#10;"><![CDATA[Given Existing Valid User opens browser.....................................passed
When Existing Valid User goes to "https://demo.broadleafcommerce.org/" website.failed
Then Existing Valid User hovers to sign_in_link.............................skipped
Then Existing Valid User clicks sign_in_link................................skipped
Then Existing Valid User enters username and password in login text fields..skipped
Then Existing Valid User clicks on submit button............................skipped
Then Existing Valid User is taken to member page............................skipped
Then Existing Valid User enters text in search field........................skipped
Then Logged in User chooses the selection from search box field.............skipped
Then Logged in User filters the selection by choosing price range...........skipped
Then Logged in User clicks on a selection from search result................skipped
Then Logged in User clicks add to cart......................................skipped
Then Logged in User goes to view cart page..................................skipped
Then Logged in User goes to checkout page...................................skipped
And Logged in User increases the number of selected items to two and then decreases to one.skipped
Then Logged in User clicks checkout button..................................skipped
Then Logged in User fills in shipping information and clicks Continue.......skipped
Then Logged in User fills in payment information............................skipped
Then Logged in User gets purchase confirmation notification.................skipped
Then Logged in User logouts.................................................skipped
Then Logged out User closes browser.........................................skipped

StackTrace:
java.lang.NullPointerException
	at com.heatclinic.pages.HomePage.delay(HomePage.java:69)
	at com.heatclinic.pages.HomePage.goToHomepage(HomePage.java:40)
	at com.heatclinic.steps.ValidCheckout.existing_Valid_User_goes_to_website(ValidCheckout.java:35)
	at ✽.Existing Valid User goes to "https://demo.broadleafcommerce.org/" website(I:/eclipse-workspace/heatclinic.bdd/src/main/resources/TestResource/Features/ValidUserCheckout.feature:8)
]]></failure>
</testcase>
</testsuite>
