<?xml version="1.0" encoding="UTF-8"?><testsuite failures="0" name="cucumber.runtime.formatter.JUnitFormatter" skipped="0" tests="4" time="43.180742">
<testcase classname="Invalid login function of www.heatclinic.com" name="Testing the login functionality for invalid users" time="14.793268">
<system-out><![CDATA[Given Invalid User opens browser............................................passed
When Invalid User goes to "https://demo.broadleafcommerce.org/" website.....passed
Then Invalid User hovers to sign_in_link....................................passed
Then Invalid User clicks sign_in_link.......................................passed
Then Invalid User enters "moltenboy.robin@gmail.com" as username............passed
Then Invalid User enters "123456789" as password............................passed
Then Invalid User clicks on submit button...................................passed
Then Invalid User gets failed login message.................................passed
Then Invalid User closes browser............................................passed
]]></system-out>
</testcase>
<testcase classname="Invalid login function of www.heatclinic.com" name="Testing the login functionality for invalid users 2" time="9.743677">
<system-out><![CDATA[Given Invalid User opens browser............................................passed
When Invalid User goes to "https://demo.broadleafcommerce.org/" website.....passed
Then Invalid User hovers to sign_in_link....................................passed
Then Invalid User clicks sign_in_link.......................................passed
Then Invalid User enters "moltenboy@gmail.com" as username..................passed
Then Invalid User enters "A1234567@" as password............................passed
Then Invalid User clicks on submit button...................................passed
Then Invalid User gets failed login message.................................passed
Then Invalid User closes browser............................................passed
]]></system-out>
</testcase>
<testcase classname="Invalid login function of www.heatclinic.com" name="Testing the login functionality for invalid users 3" time="8.948018">
<system-out><![CDATA[Given Invalid User opens browser............................................passed
When Invalid User goes to "https://demo.broadleafcommerce.org/" website.....passed
Then Invalid User hovers to sign_in_link....................................passed
Then Invalid User clicks sign_in_link.......................................passed
Then Invalid User enters "moltenboy@gmail.com" as username..................passed
Then Invalid User enters "" as password.....................................passed
Then Invalid User clicks on submit button...................................passed
Then Invalid User gets failed login message.................................passed
Then Invalid User closes browser............................................passed
]]></system-out>
</testcase>
<testcase classname="Invalid login function of www.heatclinic.com" name="Testing the login functionality for invalid users 4" time="9.695779">
<system-out><![CDATA[Given Invalid User opens browser............................................passed
When Invalid User goes to "https://demo.broadleafcommerce.org/" website.....passed
Then Invalid User hovers to sign_in_link....................................passed
Then Invalid User clicks sign_in_link.......................................passed
Then Invalid User enters "" as username.....................................passed
Then Invalid User enters "A1234567@" as password............................passed
Then Invalid User clicks on submit button...................................passed
Then Invalid User gets failed login message.................................passed
Then Invalid User closes browser............................................passed
]]></system-out>
</testcase>
</testsuite>
