<?xml version="1.0" encoding="UTF-8"?><testsuite failures="0" name="cucumber.runtime.formatter.JUnitFormatter" skipped="0" tests="7" time="337.679497">
<testcase classname="Invalid login function of www.heatclinic.com" name="Testing the login functionality for invalid users" time="41.452504">
<system-out><![CDATA[Given Invalid User opens browser............................................passed
When Invalid User goes to "https://demo.broadleafcommerce.org/" website.....passed
Then Invalid User hovers to sign_in_link....................................passed
Then Invalid User clicks sign_in_link.......................................passed
Then Invalid User enters "moltenboy.robin@gmail.com" as username............passed
Then Invalid User enters "123456789" as password............................passed
Then Invalid User clicks on submit button...................................passed
Then Invalid User gets failed login message.................................passed
Then Invalid User closes browser............................................passed
]]></system-out>
</testcase>
<testcase classname="Invalid login function of www.heatclinic.com" name="Testing the login functionality for invalid users 2" time="30.664616">
<system-out><![CDATA[Given Invalid User opens browser............................................passed
When Invalid User goes to "https://demo.broadleafcommerce.org/" website.....passed
Then Invalid User hovers to sign_in_link....................................passed
Then Invalid User clicks sign_in_link.......................................passed
Then Invalid User enters "moltenboy@gmail.com" as username..................passed
Then Invalid User enters "A1234567@" as password............................passed
Then Invalid User clicks on submit button...................................passed
Then Invalid User gets failed login message.................................passed
Then Invalid User closes browser............................................passed
]]></system-out>
</testcase>
<testcase classname="Invalid login function of www.heatclinic.com" name="Testing the login functionality for invalid users 3" time="31.6038">
<system-out><![CDATA[Given Invalid User opens browser............................................passed
When Invalid User goes to "https://demo.broadleafcommerce.org/" website.....passed
Then Invalid User hovers to sign_in_link....................................passed
Then Invalid User clicks sign_in_link.......................................passed
Then Invalid User enters "moltenboy@gmail.com" as username..................passed
Then Invalid User enters "" as password.....................................passed
Then Invalid User clicks on submit button...................................passed
Then Invalid User gets failed login message.................................passed
Then Invalid User closes browser............................................passed
]]></system-out>
</testcase>
<testcase classname="Invalid login function of www.heatclinic.com" name="Testing the login functionality for invalid users 4" time="31.016178">
<system-out><![CDATA[Given Invalid User opens browser............................................passed
When Invalid User goes to "https://demo.broadleafcommerce.org/" website.....passed
Then Invalid User hovers to sign_in_link....................................passed
Then Invalid User clicks sign_in_link.......................................passed
Then Invalid User enters "" as username.....................................passed
Then Invalid User enters "A1234567@" as password............................passed
Then Invalid User clicks on submit button...................................passed
Then Invalid User gets failed login message.................................passed
Then Invalid User closes browser............................................passed
]]></system-out>
</testcase>
<testcase classname="Search function of www.heatclinic.com" name="Testing the search functionality for valid users" time="56.026555">
<system-out><![CDATA[Given Valid User opens browser..............................................passed
When Valid User goes to "https://demo.broadleafcommerce.org/" website.......passed
Then Valid User hovers to sign_in_link......................................passed
Then Valid User clicks sign_in_link.........................................passed
Then Valid User enters usercredentials in login text fields.................passed
Then Valid User clicks on submit button.....................................passed
Then Valid User is taken to member page.....................................passed
Then Valid User enters text in search field.................................passed
Then Valid User chooses the selection from search box field.................passed
Then Valid User filters the selection by choosing price range...............passed
Then Valid User clicks on third selection from search result................passed
Then Valid User logouts.....................................................passed
Then Valid User closes browser..............................................passed
]]></system-out>
</testcase>
<testcase classname="Login function test of www.heatclinic.com" name="_2" time="38.471311">
<system-out><![CDATA[Given User opens browser....................................................passed
When User goes to "https://demo.broadleafcommerce.org/" website.............passed
Then User hovers to sign_in_link............................................passed
Then User clicks sign_in_link...............................................passed
Then User enters "moltenboy.robin@gmail.com" as username....................passed
Then User enters "A1234567@" as password....................................passed
Then User clicks on submit button...........................................passed
Then User is taken to member page...........................................passed
Then User logsout...........................................................passed
Then User closes browser....................................................passed
]]></system-out>
</testcase>
<testcase classname="Checkout page function of www.heatclinic.com" name="Testing the checkout page functionality for valid users" time="108.444533">
<system-out><![CDATA[Given Existing Valid User opens browser.....................................passed
When Existing Valid User goes to "https://demo.broadleafcommerce.org/" website.passed
Then Existing Valid User hovers to sign_in_link.............................passed
Then Existing Valid User clicks sign_in_link................................passed
Then Existing Valid User enters username and password in login text fields..passed
Then Existing Valid User clicks on submit button............................passed
Then Existing Valid User is taken to member page............................passed
Then Existing Valid User enters text in search field........................passed
Then Logged in User chooses the selection from search box field.............passed
Then Logged in User filters the selection by choosing price range...........passed
Then Logged in User clicks on a selection from search result................passed
Then Logged in User clicks add to cart......................................passed
Then Logged in User goes to view cart page..................................passed
Then Logged in User goes to checkout page...................................passed
And Logged in User increases the number of selected items to two and then decreases to one.passed
Then Logged in User clicks checkout button..................................passed
Then Logged in User fills in shipping information and clicks Continue.......passed
Then Logged in User fills in payment information............................passed
Then Logged in User gets purchase confirmation notification.................passed
Then Logged in User logouts.................................................passed
Then Logged out User closes browser.........................................passed
]]></system-out>
</testcase>
</testsuite>
