<?xml version="1.0" encoding="UTF-8"?>
<testsuite xmlns:xsi="http://www.w3.org/2001/XMLSchema-instance" xsi:noNamespaceSchemaLocation="https://maven.apache.org/surefire/maven-surefire-plugin/xsd/surefire-test-report.xsd" name="com.heatclinic.bddrunner.TestRunner" time="37.185" tests="7" errors="7" skipped="0" failures="0">
  <properties>
    <property name="sun.desktop" value="windows"/>
    <property name="awt.toolkit" value="sun.awt.windows.WToolkit"/>
    <property name="file.encoding.pkg" value="sun.io"/>
    <property name="java.specification.version" value="1.8"/>
    <property name="sun.cpu.isalist" value="amd64"/>
    <property name="sun.jnu.encoding" value="Cp1252"/>
    <property name="java.class.path" value="I:\eclipse-workspace\heatclinic.bdd\target\test-classes;I:\eclipse-workspace\heatclinic.bdd\target\classes;C:\Users\Asus\.m2\repository\org\seleniumhq\selenium\selenium-java\3.14.0\selenium-java-3.14.0.jar;C:\Users\Asus\.m2\repository\org\seleniumhq\selenium\selenium-api\3.14.0\selenium-api-3.14.0.jar;C:\Users\Asus\.m2\repository\org\seleniumhq\selenium\selenium-chrome-driver\3.14.0\selenium-chrome-driver-3.14.0.jar;C:\Users\Asus\.m2\repository\org\seleniumhq\selenium\selenium-edge-driver\3.14.0\selenium-edge-driver-3.14.0.jar;C:\Users\Asus\.m2\repository\org\seleniumhq\selenium\selenium-firefox-driver\3.14.0\selenium-firefox-driver-3.14.0.jar;C:\Users\Asus\.m2\repository\org\seleniumhq\selenium\selenium-ie-driver\3.14.0\selenium-ie-driver-3.14.0.jar;C:\Users\Asus\.m2\repository\org\seleniumhq\selenium\selenium-opera-driver\3.14.0\selenium-opera-driver-3.14.0.jar;C:\Users\Asus\.m2\repository\org\seleniumhq\selenium\selenium-remote-driver\3.14.0\selenium-remote-driver-3.14.0.jar;C:\Users\Asus\.m2\repository\org\seleniumhq\selenium\selenium-safari-driver\3.14.0\selenium-safari-driver-3.14.0.jar;C:\Users\Asus\.m2\repository\org\seleniumhq\selenium\selenium-support\3.14.0\selenium-support-3.14.0.jar;C:\Users\Asus\.m2\repository\net\bytebuddy\byte-buddy\1.8.15\byte-buddy-1.8.15.jar;C:\Users\Asus\.m2\repository\org\apache\commons\commons-exec\1.3\commons-exec-1.3.jar;C:\Users\Asus\.m2\repository\commons-codec\commons-codec\1.10\commons-codec-1.10.jar;C:\Users\Asus\.m2\repository\commons-logging\commons-logging\1.2\commons-logging-1.2.jar;C:\Users\Asus\.m2\repository\com\google\guava\guava\25.0-jre\guava-25.0-jre.jar;C:\Users\Asus\.m2\repository\com\google\code\findbugs\jsr305\1.3.9\jsr305-1.3.9.jar;C:\Users\Asus\.m2\repository\org\checkerframework\checker-compat-qual\2.0.0\checker-compat-qual-2.0.0.jar;C:\Users\Asus\.m2\repository\com\google\errorprone\error_prone_annotations\2.1.3\error_prone_annotations-2.1.3.jar;C:\Users\Asus\.m2\repository\com\google\j2objc\j2objc-annotations\1.1\j2objc-annotations-1.1.jar;C:\Users\Asus\.m2\repository\org\codehaus\mojo\animal-sniffer-annotations\1.14\animal-sniffer-annotations-1.14.jar;C:\Users\Asus\.m2\repository\org\apache\httpcomponents\httpclient\4.5.5\httpclient-4.5.5.jar;C:\Users\Asus\.m2\repository\org\apache\httpcomponents\httpcore\4.4.9\httpcore-4.4.9.jar;C:\Users\Asus\.m2\repository\com\squareup\okhttp3\okhttp\3.10.0\okhttp-3.10.0.jar;C:\Users\Asus\.m2\repository\com\squareup\okio\okio\1.14.1\okio-1.14.1.jar;C:\Users\Asus\.m2\repository\org\seleniumhq\selenium\selenium-server\3.14.0\selenium-server-3.14.0.jar;C:\Users\Asus\.m2\repository\com\beust\jcommander\1.72\jcommander-1.72.jar;C:\Users\Asus\.m2\repository\org\apache\commons\commons-lang3\3.7\commons-lang3-3.7.jar;C:\Users\Asus\.m2\repository\org\apache\commons\commons-text\1.1\commons-text-1.1.jar;C:\Users\Asus\.m2\repository\commons-io\commons-io\2.6\commons-io-2.6.jar;C:\Users\Asus\.m2\repository\commons-net\commons-net\3.6\commons-net-3.6.jar;C:\Users\Asus\.m2\repository\net\sourceforge\htmlunit\htmlunit\2.30\htmlunit-2.30.jar;C:\Users\Asus\.m2\repository\net\sourceforge\htmlunit\htmlunit-core-js\2.28\htmlunit-core-js-2.28.jar;C:\Users\Asus\.m2\repository\net\sourceforge\htmlunit\htmlunit-cssparser\1.0.0\htmlunit-cssparser-1.0.0.jar;C:\Users\Asus\.m2\repository\net\sourceforge\htmlunit\neko-htmlunit\2.30\neko-htmlunit-2.30.jar;C:\Users\Asus\.m2\repository\org\apache\httpcomponents\httpmime\4.5.5\httpmime-4.5.5.jar;C:\Users\Asus\.m2\repository\net\jcip\jcip-annotations\1.0\jcip-annotations-1.0.jar;C:\Users\Asus\.m2\repository\org\seleniumhq\selenium\jetty-repacked\9.4.8.v20180619\jetty-repacked-9.4.8.v20180619.jar;C:\Users\Asus\.m2\repository\org\eclipse\jetty\jetty-client\9.4.8.v20180619\jetty-client-9.4.8.v20180619.jar;C:\Users\Asus\.m2\repository\org\eclipse\jetty\jetty-http\9.4.8.v20180619\jetty-http-9.4.8.v20180619.jar;C:\Users\Asus\.m2\repository\org\eclipse\jetty\jetty-io\9.4.8.v20180619\jetty-io-9.4.8.v20180619.jar;C:\Users\Asus\.m2\repository\org\eclipse\jetty\jetty-util\9.4.8.v20180619\jetty-util-9.4.8.v20180619.jar;C:\Users\Asus\.m2\repository\org\eclipse\jetty\jetty-xml\9.4.8.v20180619\jetty-xml-9.4.8.v20180619.jar;C:\Users\Asus\.m2\repository\org\seleniumhq\selenium\htmlunit-driver\2.30.0\htmlunit-driver-2.30.0.jar;C:\Users\Asus\.m2\repository\javax\servlet\javax.servlet-api\3.1.0\javax.servlet-api-3.1.0.jar;C:\Users\Asus\.m2\repository\org\eclipse\jetty\websocket\websocket-api\9.4.8.v20180619\websocket-api-9.4.8.v20180619.jar;C:\Users\Asus\.m2\repository\org\eclipse\jetty\websocket\websocket-client\9.4.8.v20180619\websocket-client-9.4.8.v20180619.jar;C:\Users\Asus\.m2\repository\org\eclipse\jetty\websocket\websocket-common\9.4.8.v20180619\websocket-common-9.4.8.v20180619.jar;C:\Users\Asus\.m2\repository\xalan\serializer\2.7.2\serializer-2.7.2.jar;C:\Users\Asus\.m2\repository\xalan\xalan\2.7.2\xalan-2.7.2.jar;C:\Users\Asus\.m2\repository\xerces\xercesImpl\2.11.0\xercesImpl-2.11.0.jar;C:\Users\Asus\.m2\repository\xml-apis\xml-apis\1.4.01\xml-apis-1.4.01.jar;C:\Users\Asus\.m2\repository\org\yaml\snakeyaml\1.19\snakeyaml-1.19.jar;C:\Users\Asus\.m2\repository\io\github\bonigarcia\webdrivermanager\2.2.4\webdrivermanager-2.2.4.jar;C:\Users\Asus\.m2\repository\org\slf4j\slf4j-api\1.7.25\slf4j-api-1.7.25.jar;C:\Users\Asus\.m2\repository\com\google\code\gson\gson\2.8.5\gson-2.8.5.jar;C:\Users\Asus\.m2\repository\org\rauschig\jarchivelib\0.8.0\jarchivelib-0.8.0.jar;C:\Users\Asus\.m2\repository\org\apache\commons\commons-compress\1.14\commons-compress-1.14.jar;C:\Users\Asus\.m2\repository\org\jsoup\jsoup\1.11.3\jsoup-1.11.3.jar;C:\Users\Asus\.m2\repository\io\cucumber\cucumber-java\4.0.0\cucumber-java-4.0.0.jar;C:\Users\Asus\.m2\repository\io\cucumber\cucumber-core\4.0.0\cucumber-core-4.0.0.jar;C:\Users\Asus\.m2\repository\io\cucumber\cucumber-html\0.2.7\cucumber-html-0.2.7.jar;C:\Users\Asus\.m2\repository\io\cucumber\datatable\1.1.3\datatable-1.1.3.jar;C:\Users\Asus\.m2\repository\io\cucumber\datatable-dependencies\1.1.3\datatable-dependencies-1.1.3.jar;C:\Users\Asus\.m2\repository\io\cucumber\cucumber-junit\4.0.0\cucumber-junit-4.0.0.jar;C:\Users\Asus\.m2\repository\org\apache\poi\poi\3.17\poi-3.17.jar;C:\Users\Asus\.m2\repository\org\apache\commons\commons-collections4\4.1\commons-collections4-4.1.jar;C:\Users\Asus\.m2\repository\org\apache\poi\poi-ooxml\3.17\poi-ooxml-3.17.jar;C:\Users\Asus\.m2\repository\org\apache\poi\poi-ooxml-schemas\3.17\poi-ooxml-schemas-3.17.jar;C:\Users\Asus\.m2\repository\org\apache\xmlbeans\xmlbeans\2.6.0\xmlbeans-2.6.0.jar;C:\Users\Asus\.m2\repository\stax\stax-api\1.0.1\stax-api-1.0.1.jar;C:\Users\Asus\.m2\repository\com\github\virtuald\curvesapi\1.04\curvesapi-1.04.jar;C:\Users\Asus\.m2\repository\io\cucumber\cucumber-expressions\6.0.1\cucumber-expressions-6.0.1.jar;C:\Users\Asus\.m2\repository\net\masterthought\maven-cucumber-reporting\3.20.0\maven-cucumber-reporting-3.20.0.jar;C:\Users\Asus\.m2\repository\org\apache\maven\maven-plugin-api\3.5.0\maven-plugin-api-3.5.0.jar;C:\Users\Asus\.m2\repository\org\apache\maven\maven-model\3.5.0\maven-model-3.5.0.jar;C:\Users\Asus\.m2\repository\org\apache\maven\maven-artifact\3.5.0\maven-artifact-3.5.0.jar;C:\Users\Asus\.m2\repository\org\eclipse\sisu\org.eclipse.sisu.plexus\0.3.3\org.eclipse.sisu.plexus-0.3.3.jar;C:\Users\Asus\.m2\repository\javax\enterprise\cdi-api\1.0\cdi-api-1.0.jar;C:\Users\Asus\.m2\repository\javax\annotation\jsr250-api\1.0\jsr250-api-1.0.jar;C:\Users\Asus\.m2\repository\javax\inject\javax.inject\1\javax.inject-1.jar;C:\Users\Asus\.m2\repository\org\eclipse\sisu\org.eclipse.sisu.inject\0.3.3\org.eclipse.sisu.inject-0.3.3.jar;C:\Users\Asus\.m2\repository\org\codehaus\plexus\plexus-component-annotations\1.5.5\plexus-component-annotations-1.5.5.jar;C:\Users\Asus\.m2\repository\org\codehaus\plexus\plexus-classworlds\2.5.2\plexus-classworlds-2.5.2.jar;C:\Users\Asus\.m2\repository\org\apache\maven\plugins\maven-gpg-plugin\1.6\maven-gpg-plugin-1.6.jar;C:\Users\Asus\.m2\repository\org\apache\maven\maven-project\2.2.1\maven-project-2.2.1.jar;C:\Users\Asus\.m2\repository\org\apache\maven\maven-settings\2.2.1\maven-settings-2.2.1.jar;C:\Users\Asus\.m2\repository\org\apache\maven\maven-profile\2.2.1\maven-profile-2.2.1.jar;C:\Users\Asus\.m2\repository\org\apache\maven\maven-artifact-manager\2.2.1\maven-artifact-manager-2.2.1.jar;C:\Users\Asus\.m2\repository\org\apache\maven\wagon\wagon-provider-api\1.0-beta-6\wagon-provider-api-1.0-beta-6.jar;C:\Users\Asus\.m2\repository\backport-util-concurrent\backport-util-concurrent\3.1\backport-util-concurrent-3.1.jar;C:\Users\Asus\.m2\repository\org\apache\maven\maven-plugin-registry\2.2.1\maven-plugin-registry-2.2.1.jar;C:\Users\Asus\.m2\repository\org\codehaus\plexus\plexus-interpolation\1.11\plexus-interpolation-1.11.jar;C:\Users\Asus\.m2\repository\org\codehaus\plexus\plexus-container-default\1.0-alpha-9-stable-1\plexus-container-default-1.0-alpha-9-stable-1.jar;C:\Users\Asus\.m2\repository\classworlds\classworlds\1.1-alpha-2\classworlds-1.1-alpha-2.jar;C:\Users\Asus\.m2\repository\org\apache\maven\maven-repository-metadata\2.2.1\maven-repository-metadata-2.2.1.jar;C:\Users\Asus\.m2\repository\org\codehaus\plexus\plexus-utils\3.0.20\plexus-utils-3.0.20.jar;C:\Users\Asus\.m2\repository\org\sonatype\plexus\plexus-sec-dispatcher\1.4\plexus-sec-dispatcher-1.4.jar;C:\Users\Asus\.m2\repository\org\sonatype\plexus\plexus-cipher\1.4\plexus-cipher-1.4.jar;C:\Users\Asus\.m2\repository\net\masterthought\cucumber-reporting\3.20.0\cucumber-reporting-3.20.0.jar;C:\Users\Asus\.m2\repository\com\fasterxml\jackson\core\jackson-databind\2.9.6\jackson-databind-2.9.6.jar;C:\Users\Asus\.m2\repository\com\fasterxml\jackson\core\jackson-annotations\2.9.0\jackson-annotations-2.9.0.jar;C:\Users\Asus\.m2\repository\com\fasterxml\jackson\core\jackson-core\2.9.6\jackson-core-2.9.6.jar;C:\Users\Asus\.m2\repository\velocity-tools\velocity-tools\1.4\velocity-tools-1.4.jar;C:\Users\Asus\.m2\repository\joda-time\joda-time\2.10\joda-time-2.10.jar;C:\Users\Asus\.m2\repository\net\lingala\zip4j\zip4j\1.3.2\zip4j-1.3.2.jar;C:\Users\Asus\.m2\repository\com\googlecode\owasp-java-html-sanitizer\owasp-java-html-sanitizer\20180219.1\owasp-java-html-sanitizer-20180219.1.jar;C:\Users\Asus\.m2\repository\commons-configuration\commons-configuration\1.10\commons-configuration-1.10.jar;C:\Users\Asus\.m2\repository\junit\junit\4.12\junit-4.12.jar;C:\Users\Asus\.m2\repository\org\hamcrest\hamcrest-core\1.3\hamcrest-core-1.3.jar;C:\Users\Asus\.m2\repository\org\hamcrest\hamcrest-all\1.3\hamcrest-all-1.3.jar;C:\Users\Asus\.m2\repository\net\sourceforge\jexcelapi\jxl\2.6.12\jxl-2.6.12.jar;C:\Users\Asus\.m2\repository\log4j\log4j\1.2.14\log4j-1.2.14.jar;C:\Users\Asus\.m2\repository\com\github\temyers\cucumber-jvm-parallel-plugin\5.0.0\cucumber-jvm-parallel-plugin-5.0.0.jar;C:\Users\Asus\.m2\repository\org\apache\velocity\velocity\1.7\velocity-1.7.jar;C:\Users\Asus\.m2\repository\commons-collections\commons-collections\3.2.1\commons-collections-3.2.1.jar;C:\Users\Asus\.m2\repository\commons-lang\commons-lang\2.4\commons-lang-2.4.jar;C:\Users\Asus\.m2\repository\io\cucumber\gherkin\5.0.0\gherkin-5.0.0.jar;C:\Users\Asus\.m2\repository\io\cucumber\gherkin-jvm-deps\1.0.4\gherkin-jvm-deps-1.0.4.jar;C:\Users\Asus\.m2\repository\org\projectlombok\lombok\1.16.10\lombok-1.16.10.jar;C:\Users\Asus\.m2\repository\io\cucumber\tag-expressions\1.1.1\tag-expressions-1.1.1.jar;"/>
    <property name="java.vm.vendor" value="Oracle Corporation"/>
    <property name="sun.arch.data.model" value="64"/>
    <property name="user.variant" value=""/>
    <property name="java.vendor.url" value="http://java.oracle.com/"/>
    <property name="user.timezone" value="America/New_York"/>
    <property name="java.vm.specification.version" value="1.8"/>
    <property name="os.name" value="Windows 10"/>
    <property name="user.country" value="US"/>
    <property name="sun.java.launcher" value="SUN_STANDARD"/>
    <property name="sun.boot.library.path" value="C:\Program Files\Java\jdk1.8.0_181\jre\bin"/>
    <property name="sun.java.command" value="C:\Users\Asus\AppData\Local\Temp\surefire2728373690901549515\surefirebooter9034648171778816435.jar C:\Users\Asus\AppData\Local\Temp\surefire2728373690901549515 2018-10-11T19-41-37_070-jvmRun1 surefire7011130992462616201tmp surefire_05085350621048294919tmp"/>
    <property name="surefire.test.class.path" value="I:\eclipse-workspace\heatclinic.bdd\target\test-classes;I:\eclipse-workspace\heatclinic.bdd\target\classes;C:\Users\Asus\.m2\repository\org\seleniumhq\selenium\selenium-java\3.14.0\selenium-java-3.14.0.jar;C:\Users\Asus\.m2\repository\org\seleniumhq\selenium\selenium-api\3.14.0\selenium-api-3.14.0.jar;C:\Users\Asus\.m2\repository\org\seleniumhq\selenium\selenium-chrome-driver\3.14.0\selenium-chrome-driver-3.14.0.jar;C:\Users\Asus\.m2\repository\org\seleniumhq\selenium\selenium-edge-driver\3.14.0\selenium-edge-driver-3.14.0.jar;C:\Users\Asus\.m2\repository\org\seleniumhq\selenium\selenium-firefox-driver\3.14.0\selenium-firefox-driver-3.14.0.jar;C:\Users\Asus\.m2\repository\org\seleniumhq\selenium\selenium-ie-driver\3.14.0\selenium-ie-driver-3.14.0.jar;C:\Users\Asus\.m2\repository\org\seleniumhq\selenium\selenium-opera-driver\3.14.0\selenium-opera-driver-3.14.0.jar;C:\Users\Asus\.m2\repository\org\seleniumhq\selenium\selenium-remote-driver\3.14.0\selenium-remote-driver-3.14.0.jar;C:\Users\Asus\.m2\repository\org\seleniumhq\selenium\selenium-safari-driver\3.14.0\selenium-safari-driver-3.14.0.jar;C:\Users\Asus\.m2\repository\org\seleniumhq\selenium\selenium-support\3.14.0\selenium-support-3.14.0.jar;C:\Users\Asus\.m2\repository\net\bytebuddy\byte-buddy\1.8.15\byte-buddy-1.8.15.jar;C:\Users\Asus\.m2\repository\org\apache\commons\commons-exec\1.3\commons-exec-1.3.jar;C:\Users\Asus\.m2\repository\commons-codec\commons-codec\1.10\commons-codec-1.10.jar;C:\Users\Asus\.m2\repository\commons-logging\commons-logging\1.2\commons-logging-1.2.jar;C:\Users\Asus\.m2\repository\com\google\guava\guava\25.0-jre\guava-25.0-jre.jar;C:\Users\Asus\.m2\repository\com\google\code\findbugs\jsr305\1.3.9\jsr305-1.3.9.jar;C:\Users\Asus\.m2\repository\org\checkerframework\checker-compat-qual\2.0.0\checker-compat-qual-2.0.0.jar;C:\Users\Asus\.m2\repository\com\google\errorprone\error_prone_annotations\2.1.3\error_prone_annotations-2.1.3.jar;C:\Users\Asus\.m2\repository\com\google\j2objc\j2objc-annotations\1.1\j2objc-annotations-1.1.jar;C:\Users\Asus\.m2\repository\org\codehaus\mojo\animal-sniffer-annotations\1.14\animal-sniffer-annotations-1.14.jar;C:\Users\Asus\.m2\repository\org\apache\httpcomponents\httpclient\4.5.5\httpclient-4.5.5.jar;C:\Users\Asus\.m2\repository\org\apache\httpcomponents\httpcore\4.4.9\httpcore-4.4.9.jar;C:\Users\Asus\.m2\repository\com\squareup\okhttp3\okhttp\3.10.0\okhttp-3.10.0.jar;C:\Users\Asus\.m2\repository\com\squareup\okio\okio\1.14.1\okio-1.14.1.jar;C:\Users\Asus\.m2\repository\org\seleniumhq\selenium\selenium-server\3.14.0\selenium-server-3.14.0.jar;C:\Users\Asus\.m2\repository\com\beust\jcommander\1.72\jcommander-1.72.jar;C:\Users\Asus\.m2\repository\org\apache\commons\commons-lang3\3.7\commons-lang3-3.7.jar;C:\Users\Asus\.m2\repository\org\apache\commons\commons-text\1.1\commons-text-1.1.jar;C:\Users\Asus\.m2\repository\commons-io\commons-io\2.6\commons-io-2.6.jar;C:\Users\Asus\.m2\repository\commons-net\commons-net\3.6\commons-net-3.6.jar;C:\Users\Asus\.m2\repository\net\sourceforge\htmlunit\htmlunit\2.30\htmlunit-2.30.jar;C:\Users\Asus\.m2\repository\net\sourceforge\htmlunit\htmlunit-core-js\2.28\htmlunit-core-js-2.28.jar;C:\Users\Asus\.m2\repository\net\sourceforge\htmlunit\htmlunit-cssparser\1.0.0\htmlunit-cssparser-1.0.0.jar;C:\Users\Asus\.m2\repository\net\sourceforge\htmlunit\neko-htmlunit\2.30\neko-htmlunit-2.30.jar;C:\Users\Asus\.m2\repository\org\apache\httpcomponents\httpmime\4.5.5\httpmime-4.5.5.jar;C:\Users\Asus\.m2\repository\net\jcip\jcip-annotations\1.0\jcip-annotations-1.0.jar;C:\Users\Asus\.m2\repository\org\seleniumhq\selenium\jetty-repacked\9.4.8.v20180619\jetty-repacked-9.4.8.v20180619.jar;C:\Users\Asus\.m2\repository\org\eclipse\jetty\jetty-client\9.4.8.v20180619\jetty-client-9.4.8.v20180619.jar;C:\Users\Asus\.m2\repository\org\eclipse\jetty\jetty-http\9.4.8.v20180619\jetty-http-9.4.8.v20180619.jar;C:\Users\Asus\.m2\repository\org\eclipse\jetty\jetty-io\9.4.8.v20180619\jetty-io-9.4.8.v20180619.jar;C:\Users\Asus\.m2\repository\org\eclipse\jetty\jetty-util\9.4.8.v20180619\jetty-util-9.4.8.v20180619.jar;C:\Users\Asus\.m2\repository\org\eclipse\jetty\jetty-xml\9.4.8.v20180619\jetty-xml-9.4.8.v20180619.jar;C:\Users\Asus\.m2\repository\org\seleniumhq\selenium\htmlunit-driver\2.30.0\htmlunit-driver-2.30.0.jar;C:\Users\Asus\.m2\repository\javax\servlet\javax.servlet-api\3.1.0\javax.servlet-api-3.1.0.jar;C:\Users\Asus\.m2\repository\org\eclipse\jetty\websocket\websocket-api\9.4.8.v20180619\websocket-api-9.4.8.v20180619.jar;C:\Users\Asus\.m2\repository\org\eclipse\jetty\websocket\websocket-client\9.4.8.v20180619\websocket-client-9.4.8.v20180619.jar;C:\Users\Asus\.m2\repository\org\eclipse\jetty\websocket\websocket-common\9.4.8.v20180619\websocket-common-9.4.8.v20180619.jar;C:\Users\Asus\.m2\repository\xalan\serializer\2.7.2\serializer-2.7.2.jar;C:\Users\Asus\.m2\repository\xalan\xalan\2.7.2\xalan-2.7.2.jar;C:\Users\Asus\.m2\repository\xerces\xercesImpl\2.11.0\xercesImpl-2.11.0.jar;C:\Users\Asus\.m2\repository\xml-apis\xml-apis\1.4.01\xml-apis-1.4.01.jar;C:\Users\Asus\.m2\repository\org\yaml\snakeyaml\1.19\snakeyaml-1.19.jar;C:\Users\Asus\.m2\repository\io\github\bonigarcia\webdrivermanager\2.2.4\webdrivermanager-2.2.4.jar;C:\Users\Asus\.m2\repository\org\slf4j\slf4j-api\1.7.25\slf4j-api-1.7.25.jar;C:\Users\Asus\.m2\repository\com\google\code\gson\gson\2.8.5\gson-2.8.5.jar;C:\Users\Asus\.m2\repository\org\rauschig\jarchivelib\0.8.0\jarchivelib-0.8.0.jar;C:\Users\Asus\.m2\repository\org\apache\commons\commons-compress\1.14\commons-compress-1.14.jar;C:\Users\Asus\.m2\repository\org\jsoup\jsoup\1.11.3\jsoup-1.11.3.jar;C:\Users\Asus\.m2\repository\io\cucumber\cucumber-java\4.0.0\cucumber-java-4.0.0.jar;C:\Users\Asus\.m2\repository\io\cucumber\cucumber-core\4.0.0\cucumber-core-4.0.0.jar;C:\Users\Asus\.m2\repository\io\cucumber\cucumber-html\0.2.7\cucumber-html-0.2.7.jar;C:\Users\Asus\.m2\repository\io\cucumber\datatable\1.1.3\datatable-1.1.3.jar;C:\Users\Asus\.m2\repository\io\cucumber\datatable-dependencies\1.1.3\datatable-dependencies-1.1.3.jar;C:\Users\Asus\.m2\repository\io\cucumber\cucumber-junit\4.0.0\cucumber-junit-4.0.0.jar;C:\Users\Asus\.m2\repository\org\apache\poi\poi\3.17\poi-3.17.jar;C:\Users\Asus\.m2\repository\org\apache\commons\commons-collections4\4.1\commons-collections4-4.1.jar;C:\Users\Asus\.m2\repository\org\apache\poi\poi-ooxml\3.17\poi-ooxml-3.17.jar;C:\Users\Asus\.m2\repository\org\apache\poi\poi-ooxml-schemas\3.17\poi-ooxml-schemas-3.17.jar;C:\Users\Asus\.m2\repository\org\apache\xmlbeans\xmlbeans\2.6.0\xmlbeans-2.6.0.jar;C:\Users\Asus\.m2\repository\stax\stax-api\1.0.1\stax-api-1.0.1.jar;C:\Users\Asus\.m2\repository\com\github\virtuald\curvesapi\1.04\curvesapi-1.04.jar;C:\Users\Asus\.m2\repository\io\cucumber\cucumber-expressions\6.0.1\cucumber-expressions-6.0.1.jar;C:\Users\Asus\.m2\repository\net\masterthought\maven-cucumber-reporting\3.20.0\maven-cucumber-reporting-3.20.0.jar;C:\Users\Asus\.m2\repository\org\apache\maven\maven-plugin-api\3.5.0\maven-plugin-api-3.5.0.jar;C:\Users\Asus\.m2\repository\org\apache\maven\maven-model\3.5.0\maven-model-3.5.0.jar;C:\Users\Asus\.m2\repository\org\apache\maven\maven-artifact\3.5.0\maven-artifact-3.5.0.jar;C:\Users\Asus\.m2\repository\org\eclipse\sisu\org.eclipse.sisu.plexus\0.3.3\org.eclipse.sisu.plexus-0.3.3.jar;C:\Users\Asus\.m2\repository\javax\enterprise\cdi-api\1.0\cdi-api-1.0.jar;C:\Users\Asus\.m2\repository\javax\annotation\jsr250-api\1.0\jsr250-api-1.0.jar;C:\Users\Asus\.m2\repository\javax\inject\javax.inject\1\javax.inject-1.jar;C:\Users\Asus\.m2\repository\org\eclipse\sisu\org.eclipse.sisu.inject\0.3.3\org.eclipse.sisu.inject-0.3.3.jar;C:\Users\Asus\.m2\repository\org\codehaus\plexus\plexus-component-annotations\1.5.5\plexus-component-annotations-1.5.5.jar;C:\Users\Asus\.m2\repository\org\codehaus\plexus\plexus-classworlds\2.5.2\plexus-classworlds-2.5.2.jar;C:\Users\Asus\.m2\repository\org\apache\maven\plugins\maven-gpg-plugin\1.6\maven-gpg-plugin-1.6.jar;C:\Users\Asus\.m2\repository\org\apache\maven\maven-project\2.2.1\maven-project-2.2.1.jar;C:\Users\Asus\.m2\repository\org\apache\maven\maven-settings\2.2.1\maven-settings-2.2.1.jar;C:\Users\Asus\.m2\repository\org\apache\maven\maven-profile\2.2.1\maven-profile-2.2.1.jar;C:\Users\Asus\.m2\repository\org\apache\maven\maven-artifact-manager\2.2.1\maven-artifact-manager-2.2.1.jar;C:\Users\Asus\.m2\repository\org\apache\maven\wagon\wagon-provider-api\1.0-beta-6\wagon-provider-api-1.0-beta-6.jar;C:\Users\Asus\.m2\repository\backport-util-concurrent\backport-util-concurrent\3.1\backport-util-concurrent-3.1.jar;C:\Users\Asus\.m2\repository\org\apache\maven\maven-plugin-registry\2.2.1\maven-plugin-registry-2.2.1.jar;C:\Users\Asus\.m2\repository\org\codehaus\plexus\plexus-interpolation\1.11\plexus-interpolation-1.11.jar;C:\Users\Asus\.m2\repository\org\codehaus\plexus\plexus-container-default\1.0-alpha-9-stable-1\plexus-container-default-1.0-alpha-9-stable-1.jar;C:\Users\Asus\.m2\repository\classworlds\classworlds\1.1-alpha-2\classworlds-1.1-alpha-2.jar;C:\Users\Asus\.m2\repository\org\apache\maven\maven-repository-metadata\2.2.1\maven-repository-metadata-2.2.1.jar;C:\Users\Asus\.m2\repository\org\codehaus\plexus\plexus-utils\3.0.20\plexus-utils-3.0.20.jar;C:\Users\Asus\.m2\repository\org\sonatype\plexus\plexus-sec-dispatcher\1.4\plexus-sec-dispatcher-1.4.jar;C:\Users\Asus\.m2\repository\org\sonatype\plexus\plexus-cipher\1.4\plexus-cipher-1.4.jar;C:\Users\Asus\.m2\repository\net\masterthought\cucumber-reporting\3.20.0\cucumber-reporting-3.20.0.jar;C:\Users\Asus\.m2\repository\com\fasterxml\jackson\core\jackson-databind\2.9.6\jackson-databind-2.9.6.jar;C:\Users\Asus\.m2\repository\com\fasterxml\jackson\core\jackson-annotations\2.9.0\jackson-annotations-2.9.0.jar;C:\Users\Asus\.m2\repository\com\fasterxml\jackson\core\jackson-core\2.9.6\jackson-core-2.9.6.jar;C:\Users\Asus\.m2\repository\velocity-tools\velocity-tools\1.4\velocity-tools-1.4.jar;C:\Users\Asus\.m2\repository\joda-time\joda-time\2.10\joda-time-2.10.jar;C:\Users\Asus\.m2\repository\net\lingala\zip4j\zip4j\1.3.2\zip4j-1.3.2.jar;C:\Users\Asus\.m2\repository\com\googlecode\owasp-java-html-sanitizer\owasp-java-html-sanitizer\20180219.1\owasp-java-html-sanitizer-20180219.1.jar;C:\Users\Asus\.m2\repository\commons-configuration\commons-configuration\1.10\commons-configuration-1.10.jar;C:\Users\Asus\.m2\repository\junit\junit\4.12\junit-4.12.jar;C:\Users\Asus\.m2\repository\org\hamcrest\hamcrest-core\1.3\hamcrest-core-1.3.jar;C:\Users\Asus\.m2\repository\org\hamcrest\hamcrest-all\1.3\hamcrest-all-1.3.jar;C:\Users\Asus\.m2\repository\net\sourceforge\jexcelapi\jxl\2.6.12\jxl-2.6.12.jar;C:\Users\Asus\.m2\repository\log4j\log4j\1.2.14\log4j-1.2.14.jar;C:\Users\Asus\.m2\repository\com\github\temyers\cucumber-jvm-parallel-plugin\5.0.0\cucumber-jvm-parallel-plugin-5.0.0.jar;C:\Users\Asus\.m2\repository\org\apache\velocity\velocity\1.7\velocity-1.7.jar;C:\Users\Asus\.m2\repository\commons-collections\commons-collections\3.2.1\commons-collections-3.2.1.jar;C:\Users\Asus\.m2\repository\commons-lang\commons-lang\2.4\commons-lang-2.4.jar;C:\Users\Asus\.m2\repository\io\cucumber\gherkin\5.0.0\gherkin-5.0.0.jar;C:\Users\Asus\.m2\repository\io\cucumber\gherkin-jvm-deps\1.0.4\gherkin-jvm-deps-1.0.4.jar;C:\Users\Asus\.m2\repository\org\projectlombok\lombok\1.16.10\lombok-1.16.10.jar;C:\Users\Asus\.m2\repository\io\cucumber\tag-expressions\1.1.1\tag-expressions-1.1.1.jar;"/>
    <property name="sun.cpu.endian" value="little"/>
    <property name="user.home" value="C:\Users\Asus"/>
    <property name="user.language" value="en"/>
    <property name="java.specification.vendor" value="Oracle Corporation"/>
    <property name="java.home" value="C:\Program Files\Java\jdk1.8.0_181\jre"/>
    <property name="basedir" value="I:\eclipse-workspace\heatclinic.bdd"/>
    <property name="file.separator" value="\"/>
    <property name="line.separator" value="&#10;"/>
    <property name="java.vm.specification.vendor" value="Oracle Corporation"/>
    <property name="java.specification.name" value="Java Platform API Specification"/>
    <property name="java.awt.graphicsenv" value="sun.awt.Win32GraphicsEnvironment"/>
    <property name="surefire.real.class.path" value="C:\Users\Asus\AppData\Local\Temp\surefire2728373690901549515\surefirebooter9034648171778816435.jar"/>
    <property name="sun.boot.class.path" value="C:\Program Files\Java\jdk1.8.0_181\jre\lib\resources.jar;C:\Program Files\Java\jdk1.8.0_181\jre\lib\rt.jar;C:\Program Files\Java\jdk1.8.0_181\jre\lib\sunrsasign.jar;C:\Program Files\Java\jdk1.8.0_181\jre\lib\jsse.jar;C:\Program Files\Java\jdk1.8.0_181\jre\lib\jce.jar;C:\Program Files\Java\jdk1.8.0_181\jre\lib\charsets.jar;C:\Program Files\Java\jdk1.8.0_181\jre\lib\jfr.jar;C:\Program Files\Java\jdk1.8.0_181\jre\classes"/>
    <property name="user.script" value=""/>
    <property name="sun.management.compiler" value="HotSpot 64-Bit Tiered Compilers"/>
    <property name="java.runtime.version" value="1.8.0_181-b13"/>
    <property name="user.name" value="Robin"/>
    <property name="path.separator" value=";"/>
    <property name="os.version" value="10.0"/>
    <property name="java.endorsed.dirs" value="C:\Program Files\Java\jdk1.8.0_181\jre\lib\endorsed"/>
    <property name="java.runtime.name" value="Java(TM) SE Runtime Environment"/>
    <property name="file.encoding" value="Cp1252"/>
    <property name="java.vm.name" value="Java HotSpot(TM) 64-Bit Server VM"/>
    <property name="localRepository" value="C:\Users\Asus\.m2\repository"/>
    <property name="java.vendor.url.bug" value="http://bugreport.sun.com/bugreport/"/>
    <property name="java.io.tmpdir" value="C:\Users\Asus\AppData\Local\Temp\"/>
    <property name="java.version" value="1.8.0_181"/>
    <property name="user.dir" value="I:\eclipse-workspace\heatclinic.bdd"/>
    <property name="os.arch" value="amd64"/>
    <property name="java.vm.specification.name" value="Java Virtual Machine Specification"/>
    <property name="java.awt.printerjob" value="sun.awt.windows.WPrinterJob"/>
    <property name="sun.os.patch.level" value=""/>
    <property name="java.library.path" value="C:\Program Files\Java\jdk1.8.0_181\jre\bin;C:\WINDOWS\Sun\Java\bin;C:\WINDOWS\system32;C:\WINDOWS;C:\Program Files (x86)\Common Files\Oracle\Java\javapath;C:\ProgramData\Oracle\Java\javapath;C:\Program Files (x86)\Intel\iCLS Client\;C:\Program Files\Intel\iCLS Client\;C:\Windows\system32;C:\Windows;C:\Windows\System32\Wbem;C:\Windows\System32\WindowsPowerShell\v1.0\;C:\Program Files (x86)\Intel\Intel(R) Management Engine Components\DAL;C:\Program Files\Intel\Intel(R) Management Engine Components\DAL;C:\Program Files (x86)\Intel\Intel(R) Management Engine Components\IPT;C:\Program Files\Intel\Intel(R) Management Engine Components\IPT;C:\Program Files (x86)\Skype\Phone\;C:\WINDOWS\system32;C:\WINDOWS;C:\WINDOWS\System32\Wbem;C:\WINDOWS\System32\WindowsPowerShell\v1.0\;C:\Program Files\Git\cmd;C:\WINDOWS\System32\OpenSSH\;C:\Program Files\TortoiseGit\bin;I:\DevTools\apache-maven-3.5.4\bin;C:\Program Files (x86)\NVIDIA Corporation\PhysX\Common;C:\Program Files\Java\jdk1.8.0_181\bin;C:\Program Files (x86)\Brackets\command;C:\Users\Asus\AppData\Local\Microsoft\WindowsApps;;."/>
    <property name="java.vm.info" value="mixed mode"/>
    <property name="java.vendor" value="Oracle Corporation"/>
    <property name="java.vm.version" value="25.181-b13"/>
    <property name="java.ext.dirs" value="C:\Program Files\Java\jdk1.8.0_181\jre\lib\ext;C:\WINDOWS\Sun\Java\lib\ext"/>
    <property name="sun.io.unicode.encoding" value="UnicodeLittle"/>
    <property name="java.class.version" value="52.0"/>
  </properties>
  <testcase name="Testing the login functionality for invalid users" classname="Invalid login function of www.heatclinic.com" time="6.362">
    <error type="java.lang.NullPointerException">java.lang.NullPointerException
</error>
    <system-out><![CDATA[Starting browser: 
Opening website.
]]></system-out>
    <system-err><![CDATA[SLF4J: Failed to load class "org.slf4j.impl.StaticLoggerBinder".
SLF4J: Defaulting to no-operation (NOP) logger implementation
SLF4J: See http://www.slf4j.org/codes.html#StaticLoggerBinder for further details.
log4j:WARN No appenders could be found for logger (org.apache.http.client.protocol.RequestAddCookies).
log4j:WARN Please initialize the log4j system properly.
Starting ChromeDriver 70.0.3538.16 (16ed95b41bb05e565b11fb66ac33c660b721f778) on port 38031
Only local connections are allowed.
Oct 11, 2018 7:41:43 PM org.openqa.selenium.remote.ProtocolHandshake createSession
INFO: Detected dialect: OSS
]]></system-err>
  </testcase>
  <testcase name="Testing the login functionality for invalid users" classname="Invalid login function of www.heatclinic.com" time="4.895">
    <error type="java.lang.NullPointerException">java.lang.NullPointerException
</error>
    <system-out><![CDATA[Starting browser: 
Opening website.
]]></system-out>
    <system-err><![CDATA[Starting ChromeDriver 70.0.3538.16 (16ed95b41bb05e565b11fb66ac33c660b721f778) on port 19023
Only local connections are allowed.
Oct 11, 2018 7:41:48 PM org.openqa.selenium.remote.ProtocolHandshake createSession
INFO: Detected dialect: OSS
]]></system-err>
  </testcase>
  <testcase name="Testing the login functionality for invalid users" classname="Invalid login function of www.heatclinic.com" time="4.884">
    <error type="java.lang.NullPointerException">java.lang.NullPointerException
</error>
    <system-out><![CDATA[Starting browser: 
Opening website.
]]></system-out>
    <system-err><![CDATA[Starting ChromeDriver 70.0.3538.16 (16ed95b41bb05e565b11fb66ac33c660b721f778) on port 39029
Only local connections are allowed.
Oct 11, 2018 7:41:53 PM org.openqa.selenium.remote.ProtocolHandshake createSession
INFO: Detected dialect: OSS
]]></system-err>
  </testcase>
  <testcase name="Testing the login functionality for invalid users" classname="Invalid login function of www.heatclinic.com" time="5.027">
    <error type="java.lang.NullPointerException">java.lang.NullPointerException
</error>
    <system-out><![CDATA[Starting browser: 
Opening website.
]]></system-out>
    <system-err><![CDATA[Starting ChromeDriver 70.0.3538.16 (16ed95b41bb05e565b11fb66ac33c660b721f778) on port 31014
Only local connections are allowed.
Oct 11, 2018 7:41:58 PM org.openqa.selenium.remote.ProtocolHandshake createSession
INFO: Detected dialect: OSS
]]></system-err>
  </testcase>
  <testcase name="Testing the search functionality for valid users" classname="Search function of www.heatclinic.com" time="4.877">
    <error type="java.lang.NullPointerException">java.lang.NullPointerException
</error>
    <system-out><![CDATA[Starting browser: 
Opening website.
]]></system-out>
    <system-err><![CDATA[Starting ChromeDriver 70.0.3538.16 (16ed95b41bb05e565b11fb66ac33c660b721f778) on port 17094
Only local connections are allowed.
Oct 11, 2018 7:42:03 PM org.openqa.selenium.remote.ProtocolHandshake createSession
INFO: Detected dialect: OSS
]]></system-err>
  </testcase>
  <testcase name="User enters valids username and password to enter authorized login homepage" classname="Login function test of www.heatclinic.com" time="5.108">
    <error type="java.lang.NullPointerException">java.lang.NullPointerException
</error>
    <system-out><![CDATA[Starting browser: 
Opening website.
]]></system-out>
    <system-err><![CDATA[Starting ChromeDriver 70.0.3538.16 (16ed95b41bb05e565b11fb66ac33c660b721f778) on port 46677
Only local connections are allowed.
Oct 11, 2018 7:42:08 PM org.openqa.selenium.remote.ProtocolHandshake createSession
INFO: Detected dialect: OSS
]]></system-err>
  </testcase>
  <testcase name="Testing the checkout page functionality for valid users" classname="Checkout page function of www.heatclinic.com" time="5.01">
    <error type="java.lang.NullPointerException">java.lang.NullPointerException
</error>
    <system-out><![CDATA[Starting browser: 
Opening website.
]]></system-out>
    <system-err><![CDATA[Starting ChromeDriver 70.0.3538.16 (16ed95b41bb05e565b11fb66ac33c660b721f778) on port 42189
Only local connections are allowed.
Oct 11, 2018 7:42:13 PM org.openqa.selenium.remote.ProtocolHandshake createSession
INFO: Detected dialect: OSS
]]></system-err>
  </testcase>
</testsuite>