<?xml version="1.0" encoding="UTF-8"?>
<!-- Generated by org.testng.reporters.JUnitReportReporter -->
<testsuite hostname="Nefaur" failures="0" tests="2" name="com.heatclinic.testngtests.LoginTests" time="126.145" errors="0" timestamp="02 Nov 2018 15:36:13 GMT" skipped="0">
  <testcase classname="com.heatclinic.testngtests.LoginTests" name="validLogin" time="61.287"/>
  <testcase classname="com.heatclinic.testngtests.LoginTests" name="validLogin" time="64.858"/>
</testsuite> <!-- com.heatclinic.testngtests.LoginTests -->
